<?xml version="1.0" encoding="UTF-8"?>
<!-- Generated by org.testng.reporters.JUnitReportReporter -->
<testsuite skipped="0" hostname="karthik-PC" name="com.appium.cricbuzz.Paytmmalldemo" tests="1" failures="0" timestamp="16 Feb 2019 05:14:27 GMT" time="1.868" errors="0">
  <testcase name="searchforproducttest" time="1.868" classname="com.appium.cricbuzz.Paytmmalldemo"/>
</testsuite> <!-- com.appium.cricbuzz.Paytmmalldemo -->
