<?xml version="1.0" encoding="UTF-8"?>
<!-- Generated by org.testng.reporters.JUnitReportReporter -->
<testsuite skipped="0" hostname="karthik-PC" name="appiumtest.appiumtest.AppTest" tests="1" failures="0" timestamp="10 Feb 2019 06:09:07 GMT" time="12.331" errors="0">
  <testcase name="test1" time="12.331" classname="appiumtest.appiumtest.AppTest"/>
</testsuite> <!-- appiumtest.appiumtest.AppTest -->
